<?xml version="1.0" encoding="UTF-8"?>
<!-- Generated by org.testng.reporters.JUnitReportReporter -->
<testsuite hostname="Magic" failures="0" tests="11" name="com.testPractice.MavenPractic$MavenPractice" time="0.010" errors="0" timestamp="16 Aug 2023 09:18:55 GMT" skipped="0">
  <testcase classname="com.testPractice.MavenPractic$MavenPractice" name="method" time="0.000"/>
  <testcase classname="com.testPractice.MavenPractic$MavenPractice" name="method" time="0.000"/>
  <testcase classname="com.testPractice.MavenPractic$MavenPractice" name="method" time="0.005"/>
  <testcase classname="com.testPractice.MavenPractic$MavenPractice" name="method" time="0.002"/>
  <testcase classname="com.testPractice.MavenPractic$MavenPractice" name="method1" time="0.001"/>
  <testcase classname="com.testPractice.MavenPractic$MavenPractice" name="method" time="0.001"/>
  <testcase classname="com.testPractice.MavenPractic$MavenPractice" name="method" time="0.000"/>
  <testcase classname="com.testPractice.MavenPractic$MavenPractice" name="method" time="0.001"/>
  <testcase classname="com.testPractice.MavenPractic$MavenPractice" name="method" time="0.000"/>
  <testcase classname="com.testPractice.MavenPractic$MavenPractice" name="method" time="0.000"/>
  <testcase classname="com.testPractice.MavenPractic$MavenPractice" name="method" time="0.000"/>
</testsuite> <!-- com.testPractice.MavenPractic$MavenPractice -->
