<?xml version="1.0" encoding="UTF-8"?>
<!-- Generated by org.testng.reporters.JUnitReportReporter -->
<testsuite hostname="Magic" failures="0" tests="2" name="com.testPractice.MavenPractic" time="0.004" errors="0" timestamp="18 Aug 2023 07:36:02 GMT" skipped="0">
  <testcase classname="com.testPractice.MavenPractic" name="method1" time="0.000"/>
  <testcase classname="com.testPractice.MavenPractic" name="method" time="0.004"/>
</testsuite> <!-- com.testPractice.MavenPractic -->
