<?xml version="1.0" encoding="UTF-8"?>
<!-- Generated by org.testng.reporters.JUnitReportReporter -->
<testsuite hostname="Magic" failures="0" tests="1" name="com.testPractice.MavenPractic$MavenPractice" time="0.003" errors="0" timestamp="16 Aug 2023 07:03:37 GMT" skipped="0">
  <testcase classname="com.testPractice.MavenPractic$MavenPractice" name="method" time="0.003"/>
</testsuite> <!-- com.testPractice.MavenPractic$MavenPractice -->
